c:\users\donco007's services\desktop\orar_scolar-master\tema_3\x64\debug\vc142.pdb
c:\users\donco007's services\desktop\orar_scolar-master\tema_3\x64\debug\vc142.idb
c:\users\donco007's services\desktop\orar_scolar-master\tema_3\x64\debug\student.obj
c:\users\donco007's services\desktop\orar_scolar-master\tema_3\x64\debug\source.obj
c:\users\donco007's services\desktop\orar_scolar-master\tema_3\x64\debug\orar.obj
c:\users\donco007's services\desktop\orar_scolar-master\tema_3\x64\debug\managercomenzi.obj
c:\users\donco007's services\desktop\orar_scolar-master\tema_3\x64\debug\facultate.obj
c:\users\donco007's services\desktop\orar_scolar-master\tema_3\x64\debug\data.obj
c:\users\donco007's services\desktop\orar_scolar-master\tema_3\x64\debug\comandaorarstudent.obj
c:\users\donco007's services\desktop\orar_scolar-master\tema_3\x64\debug\comandaexit.obj
c:\users\donco007's services\desktop\orar_scolar-master\tema_3\x64\debug\comandaafisarestudenti.obj
c:\users\donco007's services\desktop\orar_scolar-master\tema_3\x64\debug\comandaafisarestudentidupadata.obj
c:\users\donco007's services\desktop\orar_scolar-master\tema_3\x64\debug\comandaafisarestudentidinafaracraiovei.obj
c:\users\donco007's services\desktop\orar_scolar-master\tema_3\x64\debug\comandaafisaremateriicomune.obj
c:\users\donco007's services\desktop\orar_scolar-master\tema_3\x64\debug\adresa.obj
c:\users\donco007's services\desktop\orar_scolar-master\tema_3\x64\debug\comandaadaugarestudent.obj
c:\users\donco007's services\desktop\orar_scolar-master\tema_3\x64\debug\comandaadaugareorar.obj
c:\users\donco007's services\desktop\orar_scolar-master\tema_3\x64\debug\tema_3.ilk
c:\users\donco007's services\desktop\orar_scolar-master\x64\debug\tema_3.exe
c:\users\donco007's services\desktop\orar_scolar-master\x64\debug\tema_3.pdb
c:\users\donco007's services\desktop\orar_scolar-master\tema_3\x64\debug\tema_3.tlog\cl.command.1.tlog
c:\users\donco007's services\desktop\orar_scolar-master\tema_3\x64\debug\tema_3.tlog\cl.read.1.tlog
c:\users\donco007's services\desktop\orar_scolar-master\tema_3\x64\debug\tema_3.tlog\cl.write.1.tlog
c:\users\donco007's services\desktop\orar_scolar-master\tema_3\x64\debug\tema_3.tlog\link.command.1.tlog
c:\users\donco007's services\desktop\orar_scolar-master\tema_3\x64\debug\tema_3.tlog\link.read.1.tlog
c:\users\donco007's services\desktop\orar_scolar-master\tema_3\x64\debug\tema_3.tlog\link.write.1.tlog
